1616168159779	geckodriver	INFO	Listening on 127.0.0.1:61871
1616168162848	mozrunner::runner	INFO	Running command: "C:\\Program Files\\Mozilla Firefox\\firefox.exe" "--marionette" "-foreground" "-no-remote" "-profile" "C:\\Users\\erkam\\AppData\\Local\\Temp\\rust_mozprofileatjVLW"
console.warn: SearchSettings: "get: No settings file exists, new profile?" (new Error("", "(unknown module)"))
1616168165216	Marionette	INFO	Listening on port 61880
1616168165513	Marionette	WARN	TLS certificate errors will be ignored for this session
[GFX1-]: [D2D1.1] 4CreateBitmap failure Size(20,24000) Code: 0x80070057 format 0
1616168168789	Marionette	INFO	Stopped listening on port 61880

###!!! [Child][RunMessage] Error: Channel closing: too late to send/recv, messages will be lost

1616168169593	geckodriver	INFO	Listening on 127.0.0.1:61941
1616168172664	mozrunner::runner	INFO	Running command: "C:\\Program Files\\Mozilla Firefox\\firefox.exe" "--marionette" "-foreground" "-no-remote" "-profile" "C:\\Users\\erkam\\AppData\\Local\\Temp\\rust_mozprofilee3EyUN"
console.warn: SearchSettings: "get: No settings file exists, new profile?" (new Error("", "(unknown module)"))
1616168174860	Marionette	INFO	Listening on port 61950
1616168175331	Marionette	WARN	TLS certificate errors will be ignored for this session
[GFX1-]: [D2D1.1] 4CreateBitmap failure Size(20,24000) Code: 0x80070057 format 0
1616168178985	Marionette	INFO	Stopped listening on port 61950

###!!! [Child][RunMessage] Error: Channel closing: too late to send/recv, messages will be lost

1616168179802	geckodriver	INFO	Listening on 127.0.0.1:62016
1616168182883	mozrunner::runner	INFO	Running command: "C:\\Program Files\\Mozilla Firefox\\firefox.exe" "--marionette" "-foreground" "-no-remote" "-profile" "C:\\Users\\erkam\\AppData\\Local\\Temp\\rust_mozprofileKXGgMi"
console.warn: SearchSettings: "get: No settings file exists, new profile?" (new Error("", "(unknown module)"))
1616168185074	Marionette	INFO	Listening on port 62026
1616168185543	Marionette	WARN	TLS certificate errors will be ignored for this session
[GFX1-]: [D2D1.1] 4CreateBitmap failure Size(20,24000) Code: 0x80070057 format 0
1616168188100	Marionette	INFO	Stopped listening on port 62026

###!!! [Child][RunMessage] Error: Channel closing: too late to send/recv, messages will be lost

1616168188913	geckodriver	INFO	Listening on 127.0.0.1:62088
1616168191983	mozrunner::runner	INFO	Running command: "C:\\Program Files\\Mozilla Firefox\\firefox.exe" "--marionette" "-foreground" "-no-remote" "-profile" "C:\\Users\\erkam\\AppData\\Local\\Temp\\rust_mozprofileZGkdgI"
console.warn: SearchSettings: "get: No settings file exists, new profile?" (new Error("", "(unknown module)"))
1616168194179	Marionette	INFO	Listening on port 62098
1616168194663	Marionette	WARN	TLS certificate errors will be ignored for this session
[GFX1-]: [D2D1.1] 4CreateBitmap failure Size(20,24000) Code: 0x80070057 format 0
1616168197245	Marionette	INFO	Stopped listening on port 62098

###!!! [Child][RunMessage] Error: Channel closing: too late to send/recv, messages will be lost

1616168198071	geckodriver	INFO	Listening on 127.0.0.1:62155
1616168201152	mozrunner::runner	INFO	Running command: "C:\\Program Files\\Mozilla Firefox\\firefox.exe" "--marionette" "-foreground" "-no-remote" "-profile" "C:\\Users\\erkam\\AppData\\Local\\Temp\\rust_mozprofilemCIhfw"
console.warn: SearchSettings: "get: No settings file exists, new profile?" (new Error("", "(unknown module)"))
1616168203241	Marionette	INFO	Listening on port 62165
1616168203310	Marionette	WARN	TLS certificate errors will be ignored for this session
[GFX1-]: [D2D1.1] 4CreateBitmap failure Size(20,24000) Code: 0x80070057 format 0
1616168205921	Marionette	INFO	Stopped listening on port 62165
JavaScript error: resource://activity-stream/lib/ASRouter.jsm, line 988: NS_ERROR_ILLEGAL_VALUE: Component returned failure code: 0x80070057 (NS_ERROR_ILLEGAL_VALUE) [nsIObserverService.removeObserver]
[Parent 6676, IPC I/O Parent] WARNING: file /builds/worker/checkouts/gecko/ipc/chromium/src/base/process_util_win.cc:167

###!!! [Child][RunMessage] Error: Channel closing: too late to send/recv, messages will be lost

1616168206737	geckodriver	INFO	Listening on 127.0.0.1:62223
1616168209834	mozrunner::runner	INFO	Running command: "C:\\Program Files\\Mozilla Firefox\\firefox.exe" "--marionette" "-foreground" "-no-remote" "-profile" "C:\\Users\\erkam\\AppData\\Local\\Temp\\rust_mozprofileordzLG"
console.warn: SearchSettings: "get: No settings file exists, new profile?" (new Error("", "(unknown module)"))
1616168212035	Marionette	INFO	Listening on port 62232
1616168212496	Marionette	WARN	TLS certificate errors will be ignored for this session
[GFX1-]: [D2D1.1] 4CreateBitmap failure Size(20,24000) Code: 0x80070057 format 0
1616168215834	Marionette	INFO	Stopped listening on port 62232

###!!! [Child][RunMessage] Error: Channel closing: too late to send/recv, messages will be lost

1616168216648	geckodriver	INFO	Listening on 127.0.0.1:62289
1616168219747	mozrunner::runner	INFO	Running command: "C:\\Program Files\\Mozilla Firefox\\firefox.exe" "--marionette" "-foreground" "-no-remote" "-profile" "C:\\Users\\erkam\\AppData\\Local\\Temp\\rust_mozprofileKxolEh"
console.warn: SearchSettings: "get: No settings file exists, new profile?" (new Error("", "(unknown module)"))
1616168222004	Marionette	INFO	Listening on port 62299
1616168222423	Marionette	WARN	TLS certificate errors will be ignored for this session
[GFX1-]: [D2D1.1] 4CreateBitmap failure Size(20,24000) Code: 0x80070057 format 0
1616168226168	Marionette	INFO	Stopped listening on port 62299

###!!! [Child][RunMessage] Error: Channel closing: too late to send/recv, messages will be lost

1616168226993	geckodriver	INFO	Listening on 127.0.0.1:62366
1616168230078	mozrunner::runner	INFO	Running command: "C:\\Program Files\\Mozilla Firefox\\firefox.exe" "--marionette" "-foreground" "-no-remote" "-profile" "C:\\Users\\erkam\\AppData\\Local\\Temp\\rust_mozprofileMvQUU3"
console.warn: SearchSettings: "get: No settings file exists, new profile?" (new Error("", "(unknown module)"))
1616168232348	Marionette	INFO	Listening on port 62375
1616168232751	Marionette	WARN	TLS certificate errors will be ignored for this session
[GFX1-]: [D2D1.1] 4CreateBitmap failure Size(20,24000) Code: 0x80070057 format 0
1616168234857	Marionette	INFO	Stopped listening on port 62375
JavaScript error: resource://activity-stream/lib/ASRouter.jsm, line 988: NS_ERROR_ILLEGAL_VALUE: Component returned failure code: 0x80070057 (NS_ERROR_ILLEGAL_VALUE) [nsIObserverService.removeObserver]
JavaScript error: resource:///modules/FaviconLoader.jsm, line 596: InvalidStateError: JSWindowActorChild.sendAsyncMessage: JSWindowActorChild cannot send at the moment
console.warn: services.settings: main/whats-new-panel sync interrupted by shutdown

###!!! [Child][RunMessage] Error: Channel closing: too late to send/recv, messages will be lost

1616168235674	geckodriver	INFO	Listening on 127.0.0.1:62427
1616168238737	mozrunner::runner	INFO	Running command: "C:\\Program Files\\Mozilla Firefox\\firefox.exe" "--marionette" "-foreground" "-no-remote" "-profile" "C:\\Users\\erkam\\AppData\\Local\\Temp\\rust_mozprofilev6Hlnj"
console.warn: SearchSettings: "get: No settings file exists, new profile?" (new Error("", "(unknown module)"))
1616168240983	Marionette	INFO	Listening on port 62436
1616168241401	Marionette	WARN	TLS certificate errors will be ignored for this session
[GFX1-]: [D2D1.1] 4CreateBitmap failure Size(20,24000) Code: 0x80070057 format 0
1616168244337	Marionette	INFO	Stopped listening on port 62436

###!!! [Child][RunMessage] Error: Channel closing: too late to send/recv, messages will be lost

1616168245163	geckodriver	INFO	Listening on 127.0.0.1:62498
1616168248243	mozrunner::runner	INFO	Running command: "C:\\Program Files\\Mozilla Firefox\\firefox.exe" "--marionette" "-foreground" "-no-remote" "-profile" "C:\\Users\\erkam\\AppData\\Local\\Temp\\rust_mozprofileUxPIsA"
console.warn: SearchSettings: "get: No settings file exists, new profile?" (new Error("", "(unknown module)"))
1616168250413	Marionette	INFO	Listening on port 62507
1616168250918	Marionette	WARN	TLS certificate errors will be ignored for this session
[GFX1-]: [D2D1.1] 4CreateBitmap failure Size(20,24000) Code: 0x80070057 format 0
1616168255009	Marionette	INFO	Stopped listening on port 62507

###!!! [Child][RunMessage] Error: Channel closing: too late to send/recv, messages will be lost

1616168255841	geckodriver	INFO	Listening on 127.0.0.1:62573
1616168258886	mozrunner::runner	INFO	Running command: "C:\\Program Files\\Mozilla Firefox\\firefox.exe" "--marionette" "-foreground" "-no-remote" "-profile" "C:\\Users\\erkam\\AppData\\Local\\Temp\\rust_mozprofile4UfmFG"
console.warn: SearchSettings: "get: No settings file exists, new profile?" (new Error("", "(unknown module)"))
1616168261086	Marionette	INFO	Listening on port 62582
1616168261556	Marionette	WARN	TLS certificate errors will be ignored for this session
[GFX1-]: [D2D1.1] 4CreateBitmap failure Size(20,24000) Code: 0x80070057 format 0
1616168268169	Marionette	INFO	Stopped listening on port 62582
JavaScript error: resource://activity-stream/lib/ASRouter.jsm, line 988: NS_ERROR_ILLEGAL_VALUE: Component returned failure code: 0x80070057 (NS_ERROR_ILLEGAL_VALUE) [nsIObserverService.removeObserver]

###!!! [Child][RunMessage] Error: Channel closing: too late to send/recv, messages will be lost

1616168269011	geckodriver	INFO	Listening on 127.0.0.1:62647
1616168272074	mozrunner::runner	INFO	Running command: "C:\\Program Files\\Mozilla Firefox\\firefox.exe" "--marionette" "-foreground" "-no-remote" "-profile" "C:\\Users\\erkam\\AppData\\Local\\Temp\\rust_mozprofileiZn6zF"
console.warn: SearchSettings: "get: No settings file exists, new profile?" (new Error("", "(unknown module)"))
1616168274171	Marionette	INFO	Listening on port 62657
1616168274252	Marionette	WARN	TLS certificate errors will be ignored for this session
[GFX1-]: [D2D1.1] 4CreateBitmap failure Size(20,24000) Code: 0x80070057 format 0
1616168305702	Marionette	INFO	Stopped listening on port 62657

###!!! [Child][RunMessage] Error: Channel closing: too late to send/recv, messages will be lost

1616168378137	geckodriver	INFO	Listening on 127.0.0.1:62825
1616168381196	mozrunner::runner	INFO	Running command: "C:\\Program Files\\Mozilla Firefox\\firefox.exe" "--marionette" "-foreground" "-no-remote" "-profile" "C:\\Users\\erkam\\AppData\\Local\\Temp\\rust_mozprofilejorloe"
console.warn: SearchSettings: "get: No settings file exists, new profile?" (new Error("", "(unknown module)"))
1616168383324	Marionette	INFO	Listening on port 62835
1616168383388	Marionette	WARN	TLS certificate errors will be ignored for this session
[GFX1-]: [D2D1.1] 4CreateBitmap failure Size(20,24000) Code: 0x80070057 format 0
1616168386009	Marionette	INFO	Stopped listening on port 62835
JavaScript error: resource://activity-stream/lib/ASRouter.jsm, line 988: NS_ERROR_ILLEGAL_VALUE: Component returned failure code: 0x80070057 (NS_ERROR_ILLEGAL_VALUE) [nsIObserverService.removeObserver]

###!!! [Child][RunMessage] Error: Channel closing: too late to send/recv, messages will be lost

1616168444915	geckodriver	INFO	Listening on 127.0.0.1:62922
1616168447984	mozrunner::runner	INFO	Running command: "C:\\Program Files\\Mozilla Firefox\\firefox.exe" "--marionette" "-foreground" "-no-remote" "-profile" "C:\\Users\\erkam\\AppData\\Local\\Temp\\rust_mozprofile9RR23N"
console.warn: SearchSettings: "get: No settings file exists, new profile?" (new Error("", "(unknown module)"))
1616168450075	Marionette	INFO	Listening on port 62932
1616168450157	Marionette	WARN	TLS certificate errors will be ignored for this session
[GFX1-]: [D2D1.1] 4CreateBitmap failure Size(20,24000) Code: 0x80070057 format 0
1616168453390	Marionette	INFO	Stopped listening on port 62932

###!!! [Child][RunMessage] Error: Channel closing: too late to send/recv, messages will be lost

1616168660426	geckodriver	INFO	Listening on 127.0.0.1:63087
1616168663472	mozrunner::runner	INFO	Running command: "C:\\Program Files\\Mozilla Firefox\\firefox.exe" "--marionette" "-foreground" "-no-remote" "-profile" "C:\\Users\\erkam\\AppData\\Local\\Temp\\rust_mozprofile3ZosOz"
console.warn: SearchSettings: "get: No settings file exists, new profile?" (new Error("", "(unknown module)"))
1616168665917	Marionette	INFO	Listening on port 63097
1616168666158	Marionette	WARN	TLS certificate errors will be ignored for this session
[GFX1-]: [D2D1.1] 4CreateBitmap failure Size(20,24000) Code: 0x80070057 format 0
1616168669256	Marionette	INFO	Stopped listening on port 63097

###!!! [Child][RunMessage] Error: Channel closing: too late to send/recv, messages will be lost

1616168728637	geckodriver	INFO	Listening on 127.0.0.1:63191
1616168731710	mozrunner::runner	INFO	Running command: "C:\\Program Files\\Mozilla Firefox\\firefox.exe" "--marionette" "-foreground" "-no-remote" "-profile" "C:\\Users\\erkam\\AppData\\Local\\Temp\\rust_mozprofileJIjs7P"
console.warn: SearchSettings: "get: No settings file exists, new profile?" (new Error("", "(unknown module)"))
1616168733975	Marionette	INFO	Listening on port 63200
1616168734405	Marionette	WARN	TLS certificate errors will be ignored for this session
[GFX1-]: [D2D1.1] 4CreateBitmap failure Size(20,24000) Code: 0x80070057 format 0
1616168737446	Marionette	INFO	Stopped listening on port 63200

###!!! [Child][RunMessage] Error: Channel closing: too late to send/recv, messages will be lost

1616178798074	geckodriver	INFO	Listening on 127.0.0.1:50399
1616178801158	mozrunner::runner	INFO	Running command: "C:\\Program Files\\Mozilla Firefox\\firefox.exe" "--marionette" "-foreground" "-no-remote" "-profile" "C:\\Users\\erkam\\AppData\\Local\\Temp\\rust_mozprofileRWpIUV"
console.warn: SearchSettings: "get: No settings file exists, new profile?" (new Error("", "(unknown module)"))
1616178803739	Marionette	INFO	Listening on port 50410
1616178803852	Marionette	WARN	TLS certificate errors will be ignored for this session
[GFX1-]: [D2D1.1] 4CreateBitmap failure Size(20,24000) Code: 0x80070057 format 0
1616178807185	Marionette	INFO	Stopped listening on port 50410

###!!! [Child][RunMessage] Error: Channel closing: too late to send/recv, messages will be lost

1616182783936	geckodriver	INFO	Listening on 127.0.0.1:52409
1616182787028	mozrunner::runner	INFO	Running command: "C:\\Program Files\\Mozilla Firefox\\firefox.exe" "--marionette" "-foreground" "-no-remote" "-profile" "C:\\Users\\erkam\\AppData\\Local\\Temp\\rust_mozprofileypEZqL"
console.warn: SearchSettings: "get: No settings file exists, new profile?" (new Error("", "(unknown module)"))
1616182789188	Marionette	INFO	Listening on port 52417
1616182789690	Marionette	WARN	TLS certificate errors will be ignored for this session
[GFX1-]: [D2D1.1] 4CreateBitmap failure Size(20,24000) Code: 0x80070057 format 0
1616182794500	Marionette	INFO	Stopped listening on port 52417

###!!! [Child][RunMessage] Error: Channel closing: too late to send/recv, messages will be lost

1616182882196	geckodriver	INFO	Listening on 127.0.0.1:52500
1616182885276	mozrunner::runner	INFO	Running command: "C:\\Program Files\\Mozilla Firefox\\firefox.exe" "--marionette" "-foreground" "-no-remote" "-profile" "C:\\Users\\erkam\\AppData\\Local\\Temp\\rust_mozprofileg2WCsu"
console.warn: SearchSettings: "get: No settings file exists, new profile?" (new Error("", "(unknown module)"))
1616182887450	Marionette	INFO	Listening on port 52510
1616182887967	Marionette	WARN	TLS certificate errors will be ignored for this session
[GFX1-]: [D2D1.1] 4CreateBitmap failure Size(20,24000) Code: 0x80070057 format 0
1616182892058	Marionette	INFO	Stopped listening on port 52510

###!!! [Child][RunMessage] Error: Channel closing: too late to send/recv, messages will be lost

